[16-Mar-2018 16:18:41 Europe/Paris] PHP Notice:  Use of undefined constant MENU_CONNEXION - assumed 'MENU_CONNEXION' in /home/UNIV-LYON1/p1606501/public_html/TD4/views/v_menu.php on line 53
[16-Mar-2018 16:19:51 Europe/Paris] PHP Notice:  Use of undefined constant TITRE_PAGE_CONNEXION - assumed 'TITRE_PAGE_CONNEXION' in /home/UNIV-LYON1/p1606501/public_html/TD4/views/v_connexion.php on line 31
[16-Mar-2018 16:28:31 Europe/Paris] PHP Warning:  require_once(./models/filmDAO.php): failed to open stream: No such file or directory in /home/UNIV-LYON1/p1606501/public_html/TD4/controllers/c_ajouter.php on line 5
[16-Mar-2018 16:28:31 Europe/Paris] PHP Fatal error:  require_once(): Failed opening required './models/filmDAO.php' (include_path='.:/usr/share/php:/usr/share/pear') in /home/UNIV-LYON1/p1606501/public_html/TD4/controllers/c_ajouter.php on line 5
[16-Mar-2018 16:30:25 Europe/Paris] PHP Fatal error:  Call to undefined method GenreDAO::getid() in /home/UNIV-LYON1/p1606501/public_html/TD4/controllers/c_ajouter.php on line 19
[16-Mar-2018 16:31:50 Europe/Paris] PHP Fatal error:  Call to undefined method GenreDAO::getid() in /home/UNIV-LYON1/p1606501/public_html/TD4/controllers/c_ajouter.php on line 19
[16-Mar-2018 16:36:50 Europe/Paris] PHP Fatal error:  Call to undefined method Film::getById() in /home/UNIV-LYON1/p1606501/public_html/TD4/controllers/c_ajouter.php on line 119
[16-Mar-2018 16:38:26 Europe/Paris] PHP Fatal error:  Call to undefined method FilmDAO::insertfilm() in /home/UNIV-LYON1/p1606501/public_html/TD4/controllers/c_ajouter.php on line 128
[16-Mar-2018 16:40:31 Europe/Paris] PHP Notice:  Use of undefined constant PATH_ENTITY - assumed 'PATH_ENTITY' in /home/UNIV-LYON1/p1606501/public_html/TD4/models/FilmDAO.php on line 38
[16-Mar-2018 16:40:31 Europe/Paris] PHP Warning:  require_once(PATH_ENTITYfilm.php): failed to open stream: No such file or directory in /home/UNIV-LYON1/p1606501/public_html/TD4/models/FilmDAO.php on line 38
[16-Mar-2018 16:40:31 Europe/Paris] PHP Fatal error:  require_once(): Failed opening required 'PATH_ENTITYfilm.php' (include_path='.:/usr/share/php:/usr/share/pear') in /home/UNIV-LYON1/p1606501/public_html/TD4/models/FilmDAO.php on line 38
[16-Mar-2018 16:40:57 Europe/Paris] PHP Notice:  Use of undefined constant PATH_ENTITY - assumed 'PATH_ENTITY' in /home/UNIV-LYON1/p1606501/public_html/TD4/models/FilmDAO.php on line 38
[16-Mar-2018 16:40:57 Europe/Paris] PHP Warning:  require_once(PATH_ENTITYFilm.php): failed to open stream: No such file or directory in /home/UNIV-LYON1/p1606501/public_html/TD4/models/FilmDAO.php on line 38
[16-Mar-2018 16:40:57 Europe/Paris] PHP Fatal error:  require_once(): Failed opening required 'PATH_ENTITYFilm.php' (include_path='.:/usr/share/php:/usr/share/pear') in /home/UNIV-LYON1/p1606501/public_html/TD4/models/FilmDAO.php on line 38
[16-Mar-2018 16:41:19 Europe/Paris] PHP Fatal error:  Call to undefined method FilmDAO::queryBdd() in /home/UNIV-LYON1/p1606501/public_html/TD4/models/FilmDAO.php on line 40
[16-Mar-2018 18:53:46 Europe/Paris] PHP Notice:  Undefined variable: genres in /home/UNIV-LYON1/p1606501/public_html/TD4/views/v_accueil.php on line 30
[16-Mar-2018 18:53:46 Europe/Paris] PHP Warning:  Invalid argument supplied for foreach() in /home/UNIV-LYON1/p1606501/public_html/TD4/views/v_accueil.php on line 30
[16-Mar-2018 18:53:46 Europe/Paris] PHP Notice:  Undefined variable: films in /home/UNIV-LYON1/p1606501/public_html/TD4/views/v_accueil.php on line 47
[16-Mar-2018 18:53:46 Europe/Paris] PHP Warning:  Invalid argument supplied for foreach() in /home/UNIV-LYON1/p1606501/public_html/TD4/views/v_accueil.php on line 47
[16-Mar-2018 18:54:47 Europe/Paris] PHP Notice:  Undefined variable: genres in /home/UNIV-LYON1/p1606501/public_html/TD4/views/v_accueil.php on line 30
[16-Mar-2018 18:54:47 Europe/Paris] PHP Warning:  Invalid argument supplied for foreach() in /home/UNIV-LYON1/p1606501/public_html/TD4/views/v_accueil.php on line 30
[16-Mar-2018 18:54:47 Europe/Paris] PHP Notice:  Undefined variable: films in /home/UNIV-LYON1/p1606501/public_html/TD4/views/v_accueil.php on line 47
[16-Mar-2018 18:54:47 Europe/Paris] PHP Warning:  Invalid argument supplied for foreach() in /home/UNIV-LYON1/p1606501/public_html/TD4/views/v_accueil.php on line 47
[16-Mar-2018 19:01:53 Europe/Paris] PHP Notice:  Undefined variable: id in /home/UNIV-LYON1/p1606501/public_html/TD4/models/FilmDAO.php on line 47
[17-Mar-2018 10:21:55 Europe/Paris] PHP Parse error:  syntax error, unexpected '{', expecting ')' in /home/UNIV-LYON1/p1606501/public_html/TD4/models/FilmDAO.php on line 42
[17-Mar-2018 10:23:00 Europe/Paris] PHP Parse error:  syntax error, unexpected '{', expecting ')' in /home/UNIV-LYON1/p1606501/public_html/TD4/models/FilmDAO.php on line 42
[17-Mar-2018 10:23:01 Europe/Paris] PHP Parse error:  syntax error, unexpected '{', expecting ')' in /home/UNIV-LYON1/p1606501/public_html/TD4/models/FilmDAO.php on line 42
[17-Mar-2018 10:23:02 Europe/Paris] PHP Parse error:  syntax error, unexpected '{', expecting ')' in /home/UNIV-LYON1/p1606501/public_html/TD4/models/FilmDAO.php on line 42
[17-Mar-2018 10:23:03 Europe/Paris] PHP Parse error:  syntax error, unexpected '{', expecting ')' in /home/UNIV-LYON1/p1606501/public_html/TD4/models/FilmDAO.php on line 42
[17-Mar-2018 10:50:05 Europe/Paris] PHP Warning:  Missing argument 1 for DAO::__construct(), called in /home/UNIV-LYON1/p1606501/public_html/TD4/controllers/c_accueil.php on line 14 and defined in /home/UNIV-LYON1/p1606501/public_html/TD4/models/DAO.php on line 12
[17-Mar-2018 10:50:05 Europe/Paris] PHP Notice:  Undefined variable: debug in /home/UNIV-LYON1/p1606501/public_html/TD4/models/DAO.php on line 14
[17-Mar-2018 10:50:05 Europe/Paris] PHP Fatal error:  Call to undefined method FilmDAO::getId() in /home/UNIV-LYON1/p1606501/public_html/TD4/controllers/c_accueil.php on line 15
[17-Mar-2018 21:50:57 Europe/Paris] PHP Parse error:  syntax error, unexpected '{' in /home/UNIV-LYON1/p1606501/public_html/TD4/controllers/c_accueil.php on line 12
[17-Mar-2018 21:51:15 Europe/Paris] PHP Parse error:  syntax error, unexpected '$_POST' (T_VARIABLE) in /home/UNIV-LYON1/p1606501/public_html/TD4/controllers/c_accueil.php on line 13
[17-Mar-2018 21:51:31 Europe/Paris] PHP Parse error:  syntax error, unexpected '$_POST' (T_VARIABLE) in /home/UNIV-LYON1/p1606501/public_html/TD4/controllers/c_accueil.php on line 13
[17-Mar-2018 21:51:32 Europe/Paris] PHP Parse error:  syntax error, unexpected '$_POST' (T_VARIABLE) in /home/UNIV-LYON1/p1606501/public_html/TD4/controllers/c_accueil.php on line 13
[17-Mar-2018 21:52:52 Europe/Paris] PHP Parse error:  syntax error, unexpected '$_POST' (T_VARIABLE) in /home/UNIV-LYON1/p1606501/public_html/TD4/controllers/c_accueil.php on line 13
[17-Mar-2018 21:52:55 Europe/Paris] PHP Parse error:  syntax error, unexpected '$_POST' (T_VARIABLE) in /home/UNIV-LYON1/p1606501/public_html/TD4/controllers/c_accueil.php on line 13
[17-Mar-2018 22:36:05 Europe/Paris] PHP Fatal error:  Class 'FilmDAO' not found in /home/UNIV-LYON1/p1606501/public_html/TD4/controllers/c_recherche.php on line 19
[17-Mar-2018 22:36:50 Europe/Paris] PHP Warning:  Missing argument 1 for DAO::__construct(), called in /home/UNIV-LYON1/p1606501/public_html/TD4/controllers/c_recherche.php on line 14 and defined in /home/UNIV-LYON1/p1606501/public_html/TD4/models/DAO.php on line 12
[17-Mar-2018 22:36:50 Europe/Paris] PHP Notice:  Undefined variable: debug in /home/UNIV-LYON1/p1606501/public_html/TD4/models/DAO.php on line 14
[17-Mar-2018 22:36:50 Europe/Paris] PHP Warning:  Missing argument 1 for FilmDAO::getbytitre(), called in /home/UNIV-LYON1/p1606501/public_html/TD4/controllers/c_recherche.php on line 15 and defined in /home/UNIV-LYON1/p1606501/public_html/TD4/models/FilmDAO.php on line 38
[17-Mar-2018 22:36:50 Europe/Paris] PHP Notice:  Undefined variable: titrefilm in /home/UNIV-LYON1/p1606501/public_html/TD4/models/FilmDAO.php on line 42
[17-Mar-2018 22:36:50 Europe/Paris] PHP Notice:  Undefined variable: chercherfilm in /home/UNIV-LYON1/p1606501/public_html/TD4/controllers/c_recherche.php on line 17
[17-Mar-2018 22:36:50 Europe/Paris] PHP Fatal error:  Call to undefined function choixAlerte() in /home/UNIV-LYON1/p1606501/public_html/TD4/controllers/c_recherche.php on line 19
[17-Mar-2018 22:37:17 Europe/Paris] PHP Warning:  Missing argument 1 for FilmDAO::getbytitre(), called in /home/UNIV-LYON1/p1606501/public_html/TD4/controllers/c_recherche.php on line 15 and defined in /home/UNIV-LYON1/p1606501/public_html/TD4/models/FilmDAO.php on line 38
[17-Mar-2018 22:37:17 Europe/Paris] PHP Notice:  Undefined variable: titrefilm in /home/UNIV-LYON1/p1606501/public_html/TD4/models/FilmDAO.php on line 42
[17-Mar-2018 22:37:17 Europe/Paris] PHP Notice:  Undefined variable: chercherfilm in /home/UNIV-LYON1/p1606501/public_html/TD4/controllers/c_recherche.php on line 17
[17-Mar-2018 22:37:17 Europe/Paris] PHP Fatal error:  Call to undefined function choixAlerte() in /home/UNIV-LYON1/p1606501/public_html/TD4/controllers/c_recherche.php on line 19
[17-Mar-2018 22:38:35 Europe/Paris] PHP Notice:  Undefined variable: chercherfilm in /home/UNIV-LYON1/p1606501/public_html/TD4/controllers/c_recherche.php on line 17
[17-Mar-2018 22:38:35 Europe/Paris] PHP Fatal error:  Call to undefined function choixAlerte() in /home/UNIV-LYON1/p1606501/public_html/TD4/controllers/c_recherche.php on line 19
[17-Mar-2018 22:39:05 Europe/Paris] PHP Fatal error:  Call to undefined function choixAlerte() in /home/UNIV-LYON1/p1606501/public_html/TD4/controllers/c_recherche.php on line 19
[17-Mar-2018 22:39:17 Europe/Paris] PHP Notice:  Undefined variable: cherchefilms in /home/UNIV-LYON1/p1606501/public_html/TD4/views/v_recherche.php on line 19
[17-Mar-2018 22:39:17 Europe/Paris] PHP Warning:  Invalid argument supplied for foreach() in /home/UNIV-LYON1/p1606501/public_html/TD4/views/v_recherche.php on line 19
[18-Mar-2018 11:16:53 Europe/Paris] PHP Parse error:  syntax error, unexpected 'echo' (T_ECHO) in /home/UNIV-LYON1/p1606501/public_html/TD4/views/v_menu.php on line 66
[18-Mar-2018 17:42:40 Europe/Paris] PHP Parse error:  syntax error, unexpected '}' in /home/UNIV-LYON1/p1606501/public_html/TD4/controllers/c_ajouter.php on line 132
[18-Mar-2018 20:23:12 Europe/Paris] PHP Notice:  Undefined index: messageAlert in /home/UNIV-LYON1/p1606501/public_html/TD4/views/v_alert.php on line 17
[18-Mar-2018 20:26:13 Europe/Paris] PHP Notice:  Undefined index: messageAlert in /home/UNIV-LYON1/p1606501/public_html/TD4/views/v_alert.php on line 17
[18-Mar-2018 20:32:40 Europe/Paris] PHP Notice:  Undefined index: messageAlert in /home/UNIV-LYON1/p1606501/public_html/TD4/views/v_alert.php on line 17
[18-Mar-2018 20:32:56 Europe/Paris] PHP Notice:  Undefined index: messageAlert in /home/UNIV-LYON1/p1606501/public_html/TD4/views/v_alert.php on line 17
[18-Mar-2018 20:33:40 Europe/Paris] PHP Parse error:  syntax error, unexpected 'echo' (T_ECHO) in /home/UNIV-LYON1/p1606501/public_html/TD4/controllers/c_ajouter.php on line 38
[18-Mar-2018 20:33:59 Europe/Paris] PHP Notice:  Undefined index: messageAlert in /home/UNIV-LYON1/p1606501/public_html/TD4/views/v_alert.php on line 17
[18-Mar-2018 20:34:10 Europe/Paris] PHP Notice:  Undefined index: messageAlert in /home/UNIV-LYON1/p1606501/public_html/TD4/views/v_alert.php on line 17
[18-Mar-2018 20:35:20 Europe/Paris] PHP Notice:  Undefined index: messageAlert in /home/UNIV-LYON1/p1606501/public_html/TD4/views/v_alert.php on line 17
[18-Mar-2018 20:37:17 Europe/Paris] PHP Notice:  Undefined index: messageAlert in /home/UNIV-LYON1/p1606501/public_html/TD4/views/v_alert.php on line 17
[18-Mar-2018 20:53:15 Europe/Paris] PHP Notice:  Undefined variable: erreur_ajout in /home/UNIV-LYON1/p1606501/public_html/TD4/controllers/c_ajouter.php on line 57
[18-Mar-2018 21:11:25 Europe/Paris] PHP Notice:  Use of undefined constant teest - assumed 'teest' in /home/UNIV-LYON1/p1606501/public_html/TD4/lib/foncBase.php on line 55
[18-Mar-2018 21:23:46 Europe/Paris] PHP Fatal error:  Undefined constant 'ERREUR_GENREFILM\n' in /home/UNIV-LYON1/p1606501/public_html/TD4/controllers/c_ajouter.php on line 40
[19-Mar-2018 12:59:16 Europe/Paris] PHP Parse error:  syntax error, unexpected 'if' (T_IF) in /home/UNIV-LYON1/p1606501/public_html/TD4/views/v_menu.php on line 64
[19-Mar-2018 18:58:03 Europe/Paris] PHP Parse error:  syntax error, unexpected '{' in /home/UNIV-LYON1/p1606501/public_html/TD4/controllers/c_accueil.php on line 12
